c:\users\reyne\desktop\sculptor2\sculptor2\debug\vc142.pdb
c:\users\reyne\desktop\sculptor2\sculptor2\debug\vc142.idb
c:\users\reyne\desktop\sculptor2\sculptor2\debug\voxelclass.obj
c:\users\reyne\desktop\sculptor2\sculptor2\debug\putvoxel.obj
c:\users\reyne\desktop\sculptor2\sculptor2\debug\putsphere.obj
c:\users\reyne\desktop\sculptor2\sculptor2\debug\putellipsoid.obj
c:\users\reyne\desktop\sculptor2\sculptor2\debug\putbox.obj
c:\users\reyne\desktop\sculptor2\sculptor2\debug\main.obj
c:\users\reyne\desktop\sculptor2\sculptor2\debug\figurageometrica.obj
c:\users\reyne\desktop\sculptor2\sculptor2\debug\cutvoxel.obj
c:\users\reyne\desktop\sculptor2\sculptor2\debug\cutsphere.obj
c:\users\reyne\desktop\sculptor2\sculptor2\debug\cutellipsoid.obj
c:\users\reyne\desktop\sculptor2\sculptor2\debug\cutbox.obj
c:\users\reyne\desktop\sculptor2\sculptor2\debug\sculptor.ilk
c:\users\reyne\desktop\sculptor2\sculptor2\debug\sculptor.exe
c:\users\reyne\desktop\sculptor2\sculptor2\debug\sculptor.pdb
c:\users\reyne\desktop\sculptor2\sculptor2\debug\sculptor.tlog\cl.command.1.tlog
c:\users\reyne\desktop\sculptor2\sculptor2\debug\sculptor.tlog\cl.read.1.tlog
c:\users\reyne\desktop\sculptor2\sculptor2\debug\sculptor.tlog\cl.write.1.tlog
c:\users\reyne\desktop\sculptor2\sculptor2\debug\sculptor.tlog\link.command.1.tlog
c:\users\reyne\desktop\sculptor2\sculptor2\debug\sculptor.tlog\link.read.1.tlog
c:\users\reyne\desktop\sculptor2\sculptor2\debug\sculptor.tlog\link.write.1.tlog
